<?xml version="1.0" encoding="UTF-8"?>
<!-- Generated by org.testng.reporters.JUnitXMLReporter -->
<testsuite ignored="0" hostname="DESKTOP-Q2UDTTR" failures="0" tests="4" name="Tests" time="39.538" errors="0" timestamp="2026-01-31T16:38:18 IST">
  <testcase classname="SeleniumAutomation.StandAloneTest_POM_Implementation" name="addProducts" time="14.181"/>
  <testcase classname="SeleniumAutomation.StandAloneTest_POM_Implementation" name="cartElements" time="2.321"/>
  <testcase classname="SeleniumAutomation.StandAloneTest_POM_Implementation" name="checkOutPage" time="10.975"/>
  <testcase classname="SeleniumAutomation.StandAloneTest_POM_Implementation" name="placeOrder" time="6.233"/>
</testsuite> <!-- Tests -->
