<?xml version="1.0" encoding="UTF-8"?>
<testng-results ignored="0" total="1" passed="1" failed="0" skipped="0">
  <reporter-output>
  </reporter-output>
  <suite started-at="2026-01-05T12:58:30 IST" name="Default suite" finished-at="2026-01-05T12:58:30 IST" duration-ms="81">
    <groups>
    </groups>
    <test started-at="2026-01-05T12:58:30 IST" name="Default test" finished-at="2026-01-05T12:58:30 IST" duration-ms="81">
      <class name="CoreJavaTopics.PS2">
        <test-method signature="cars()[pri:0, instance:CoreJavaTopics.PS2@dd8ba08]" started-at="2026-01-05T12:58:30 IST" name="cars" finished-at="2026-01-05T12:58:30 IST" duration-ms="15" status="PASS">
          <reporter-output>
          </reporter-output>
        </test-method> <!-- cars -->
      </class> <!-- CoreJavaTopics.PS2 -->
    </test> <!-- Default test -->
  </suite> <!-- Default suite -->
</testng-results>
