<?xml version="1.0" encoding="UTF-8"?>
<!-- Generated by org.testng.reporters.JUnitReportReporter -->
<testsuite hostname="DESKTOP-Q2UDTTR" failures="0" tests="4" name="SeleniumAutomation.StandAloneTest_POM_Implementation" time="32.094" errors="0" timestamp="2026-02-10T21:16:45 IST" skipped="0">
  <testcase classname="SeleniumAutomation.StandAloneTest_POM_Implementation" name="cartElements" time="2.524"/>
  <testcase classname="SeleniumAutomation.StandAloneTest_POM_Implementation" name="checkOutPage" time="11.162"/>
  <testcase classname="SeleniumAutomation.StandAloneTest_POM_Implementation" name="placeOrder" time="6.277"/>
  <testcase classname="SeleniumAutomation.StandAloneTest_POM_Implementation" name="addProducts" time="12.131"/>
</testsuite> <!-- SeleniumAutomation.StandAloneTest_POM_Implementation -->
