<?xml version="1.0" encoding="UTF-8"?>
<!-- Generated by org.testng.reporters.JUnitReportReporter -->
<testsuite hostname="DESKTOP-Q2UDTTR" failures="0" tests="4" name="SeleniumAutomation.StandAloneTest_POM_Implementation" time="33.710" errors="0" timestamp="2026-01-31T16:38:18 IST" skipped="0">
  <testcase classname="SeleniumAutomation.StandAloneTest_POM_Implementation" name="cartElements" time="2.321"/>
  <testcase classname="SeleniumAutomation.StandAloneTest_POM_Implementation" name="checkOutPage" time="10.975"/>
  <testcase classname="SeleniumAutomation.StandAloneTest_POM_Implementation" name="placeOrder" time="6.233"/>
  <testcase classname="SeleniumAutomation.StandAloneTest_POM_Implementation" name="addProducts" time="14.181"/>
</testsuite> <!-- SeleniumAutomation.StandAloneTest_POM_Implementation -->
