<?xml version="1.0" encoding="UTF-8"?>
<testng-results ignored="0" total="1" passed="1" failed="0" skipped="0">
  <reporter-output>
  </reporter-output>
  <suite started-at="2026-02-18T06:59:01 IST" name="Default suite" finished-at="2026-02-18T06:59:08 IST" duration-ms="6438">
    <groups>
    </groups>
    <test started-at="2026-02-18T06:59:01 IST" name="Default test" finished-at="2026-02-18T06:59:08 IST" duration-ms="6438">
      <class name="ExtentReports.ExtentReports.ExtentReportsDemo">
        <test-method is-config="true" signature="configPath()[pri:0, instance:ExtentReports.ExtentReports.ExtentReportsDemo@185a6e9]" started-at="2026-02-18T06:59:01 IST" name="configPath" finished-at="2026-02-18T06:59:02 IST" duration-ms="361" status="PASS">
          <reporter-output>
          </reporter-output>
        </test-method> <!-- configPath -->
        <test-method signature="initialDemo()[pri:0, instance:ExtentReports.ExtentReports.ExtentReportsDemo@185a6e9]" started-at="2026-02-18T06:59:02 IST" name="initialDemo" finished-at="2026-02-18T06:59:07 IST" duration-ms="4952" status="PASS">
          <reporter-output>
          </reporter-output>
        </test-method> <!-- initialDemo -->
        <test-method is-config="true" signature="tearDown()[pri:0, instance:ExtentReports.ExtentReports.ExtentReportsDemo@185a6e9]" started-at="2026-02-18T06:59:07 IST" name="tearDown" finished-at="2026-02-18T06:59:08 IST" duration-ms="1077" status="PASS">
          <reporter-output>
          </reporter-output>
        </test-method> <!-- tearDown -->
      </class> <!-- ExtentReports.ExtentReports.ExtentReportsDemo -->
    </test> <!-- Default test -->
  </suite> <!-- Default suite -->
</testng-results>
