<?xml version="1.0" encoding="UTF-8"?>
<testng-results ignored="0" total="1" passed="1" failed="0" skipped="0">
  <reporter-output>
  </reporter-output>
  <suite started-at="2026-01-11T18:28:35 IST" name="Default suite" finished-at="2026-01-11T18:28:44 IST" duration-ms="8309">
    <groups>
    </groups>
    <test started-at="2026-01-11T18:28:35 IST" name="Default test" finished-at="2026-01-11T18:28:44 IST" duration-ms="8309">
      <class name="ExtentReports.ExtentReports.ExtentReportsDemo">
        <test-method is-config="true" signature="configPath()[pri:0, instance:ExtentReports.ExtentReports.ExtentReportsDemo@1165b38]" started-at="2026-01-11T18:28:35 IST" name="configPath" finished-at="2026-01-11T18:28:36 IST" duration-ms="465" status="PASS">
          <reporter-output>
          </reporter-output>
        </test-method> <!-- configPath -->
        <test-method signature="initialDemo()[pri:0, instance:ExtentReports.ExtentReports.ExtentReportsDemo@1165b38]" started-at="2026-01-11T18:28:36 IST" name="initialDemo" finished-at="2026-01-11T18:28:43 IST" duration-ms="6933" status="PASS">
          <reporter-output>
          </reporter-output>
        </test-method> <!-- initialDemo -->
        <test-method is-config="true" signature="tearDown()[pri:0, instance:ExtentReports.ExtentReports.ExtentReportsDemo@1165b38]" started-at="2026-01-11T18:28:43 IST" name="tearDown" finished-at="2026-01-11T18:28:44 IST" duration-ms="840" status="PASS">
          <reporter-output>
          </reporter-output>
        </test-method> <!-- tearDown -->
      </class> <!-- ExtentReports.ExtentReports.ExtentReportsDemo -->
    </test> <!-- Default test -->
  </suite> <!-- Default suite -->
</testng-results>
