<?xml version="1.0" encoding="UTF-8"?>
<testng-results ignored="0" total="1" passed="1" failed="0" skipped="0">
  <reporter-output>
  </reporter-output>
  <suite started-at="2026-01-02T11:38:27 IST" name="Default suite" finished-at="2026-01-02T11:38:32 IST" duration-ms="4181">
    <groups>
    </groups>
    <test started-at="2026-01-02T11:38:27 IST" name="Default test" finished-at="2026-01-02T11:38:32 IST" duration-ms="4181">
      <class name="PracticalProblemsAndMethods.Selenium_Latest_Feature">
        <test-method signature="openingNewTab()[pri:0, instance:PracticalProblemsAndMethods.Selenium_Latest_Feature@5ef6ae06]" started-at="2026-01-02T11:38:28 IST" name="openingNewTab" finished-at="2026-01-02T11:38:32 IST" duration-ms="4127" status="PASS">
          <reporter-output>
          </reporter-output>
        </test-method> <!-- openingNewTab -->
      </class> <!-- PracticalProblemsAndMethods.Selenium_Latest_Feature -->
    </test> <!-- Default test -->
  </suite> <!-- Default suite -->
</testng-results>
