<?xml version="1.0" encoding="UTF-8"?>
<!-- Generated by org.testng.reporters.JUnitReportReporter -->
<testsuite hostname="DESKTOP-Q2UDTTR" failures="0" tests="2" name="TestNGTutorialPractice.PracticeTestNG" time="0.008" errors="0" timestamp="2026-01-02T20:16:42 IST" skipped="0">
  <testcase classname="TestNGTutorialPractice.PracticeTestNG" name="demo" time="0.004"/>
  <testcase classname="TestNGTutorialPractice.PracticeTestNG" name="Personalloan" time="0.004"/>
</testsuite> <!-- TestNGTutorialPractice.PracticeTestNG -->
