<?xml version="1.0" encoding="UTF-8"?>
<!-- Generated by org.testng.reporters.JUnitReportReporter -->
<testsuite hostname="DESKTOP-Q2UDTTR" failures="0" tests="5" name="TestNGTutorialPractice.A_2_PracticeTestNG" time="0.045" errors="0" timestamp="2026-02-22T18:01:37 IST" skipped="0">
  <testcase classname="TestNGTutorialPractice.A_2_PracticeTestNG" name="a2Personalloan" time="0.006"/>
  <testcase classname="TestNGTutorialPractice.A_2_PracticeTestNG" name="a3CarLoan" time="0.009"/>
  <testcase classname="TestNGTutorialPractice.A_2_PracticeTestNG" name="a2Personalloan" time="0.009"/>
  <testcase classname="TestNGTutorialPractice.A_2_PracticeTestNG" name="a1demo" time="0.013"/>
  <testcase classname="TestNGTutorialPractice.A_2_PracticeTestNG" name="a2Personalloan" time="0.008"/>
</testsuite> <!-- TestNGTutorialPractice.A_2_PracticeTestNG -->
