<?xml version="1.0" encoding="UTF-8"?>
<!-- Generated by org.testng.reporters.JUnitReportReporter -->
<testsuite hostname="DESKTOP-Q2UDTTR" failures="0" tests="2" name="TestNGTutorialPractice.RunWithOutJava" time="0.014" errors="0" timestamp="2026-01-02T20:16:42 IST" skipped="0">
  <testcase classname="TestNGTutorialPractice.RunWithOutJava" name="Personalloan" time="0.011"/>
  <testcase classname="TestNGTutorialPractice.RunWithOutJava" name="CarLoan" time="0.003"/>
</testsuite> <!-- TestNGTutorialPractice.RunWithOutJava -->
