<?xml version="1.0" encoding="UTF-8"?>
<!-- Generated by org.testng.reporters.JUnitReportReporter -->
<testsuite hostname="DESKTOP-Q2UDTTR" failures="0" tests="2" name="TestNGTutorialPractice.A_2_PracticeTestNG" time="0.011" errors="0" timestamp="2026-01-04T17:43:08 IST" skipped="0">
  <testcase classname="TestNGTutorialPractice.A_2_PracticeTestNG" name="a3CarLoan" time="0.006"/>
  <testcase classname="TestNGTutorialPractice.A_2_PracticeTestNG" name="a1demo" time="0.005"/>
</testsuite> <!-- TestNGTutorialPractice.A_2_PracticeTestNG -->
