<?xml version="1.0" encoding="UTF-8"?>
<!-- Generated by org.testng.reporters.JUnitXMLReporter -->
<testsuite ignored="0" hostname="DESKTOP-Q2UDTTR" failures="0" tests="4" name="Default test" time="39.012" errors="0" timestamp="2026-01-31T16:36:19 IST">
  <testcase classname="SeleniumAutomation.StandAloneTest_POM_Implementation" name="addProducts" time="12.209"/>
  <testcase classname="SeleniumAutomation.StandAloneTest_POM_Implementation" name="cartElements" time="2.587"/>
  <testcase classname="SeleniumAutomation.StandAloneTest_POM_Implementation" name="checkOutPage" time="10.993"/>
  <testcase classname="SeleniumAutomation.StandAloneTest_POM_Implementation" name="placeOrder" time="6.223"/>
</testsuite> <!-- Default test -->
