<?xml version="1.0" encoding="UTF-8"?>
<testng-results ignored="0" total="4" passed="4" failed="0" skipped="0">
  <reporter-output>
  </reporter-output>
  <suite started-at="2026-02-10T21:15:55 IST" name="Suite" finished-at="2026-02-10T21:16:44 IST" duration-ms="49280">
    <groups>
    </groups>
    <test started-at="2026-02-10T21:15:55 IST" name="Tests" finished-at="2026-02-10T21:16:44 IST" duration-ms="49280">
      <class name="SeleniumAutomation.StandAloneTest_POM_Implementation">
        <test-method is-config="true" signature="setup()[pri:0, instance:SeleniumAutomation.StandAloneTest_POM_Implementation@7c3fdb62]" started-at="2026-02-10T21:15:55 IST" name="setup" finished-at="2026-02-10T21:16:09 IST" duration-ms="13448" status="PASS">
          <reporter-output>
          </reporter-output>
        </test-method> <!-- setup -->
        <test-method signature="addProducts(java.util.HashMap)[pri:0, instance:SeleniumAutomation.StandAloneTest_POM_Implementation@7c3fdb62]" started-at="2026-02-10T21:16:09 IST" name="addProducts" data-provider="getData" finished-at="2026-02-10T21:16:21 IST" duration-ms="12131" status="PASS">
          <params>
            <param index="0">
              <value>
                <![CDATA[{password=Prafulla@123, email=prafullachandrabrahma@gmail.com}]]>
              </value>
            </param>
          </params>
          <reporter-output>
          </reporter-output>
        </test-method> <!-- addProducts -->
        <test-method signature="cartElements()[pri:0, instance:SeleniumAutomation.StandAloneTest_POM_Implementation@7c3fdb62]" started-at="2026-02-10T21:16:21 IST" name="cartElements" finished-at="2026-02-10T21:16:24 IST" depends-on-methods="SeleniumAutomation.StandAloneTest_POM_Implementation.addProducts" duration-ms="2524" status="PASS">
          <reporter-output>
          </reporter-output>
        </test-method> <!-- cartElements -->
        <test-method signature="checkOutPage()[pri:0, instance:SeleniumAutomation.StandAloneTest_POM_Implementation@7c3fdb62]" started-at="2026-02-10T21:16:24 IST" name="checkOutPage" finished-at="2026-02-10T21:16:35 IST" depends-on-methods="SeleniumAutomation.StandAloneTest_POM_Implementation.cartElements" duration-ms="11162" status="PASS">
          <reporter-output>
          </reporter-output>
        </test-method> <!-- checkOutPage -->
        <test-method signature="placeOrder()[pri:0, instance:SeleniumAutomation.StandAloneTest_POM_Implementation@7c3fdb62]" started-at="2026-02-10T21:16:35 IST" name="placeOrder" finished-at="2026-02-10T21:16:42 IST" depends-on-methods="SeleniumAutomation.StandAloneTest_POM_Implementation.checkOutPage" duration-ms="6277" status="PASS">
          <reporter-output>
          </reporter-output>
        </test-method> <!-- placeOrder -->
        <test-method is-config="true" signature="orderValidationAfterSubmit()[pri:0, instance:SeleniumAutomation.StandAloneTest_POM_Implementation@7c3fdb62]" started-at="2026-02-10T21:16:42 IST" name="orderValidationAfterSubmit" finished-at="2026-02-10T21:16:44 IST" duration-ms="2715" status="PASS">
          <reporter-output>
          </reporter-output>
        </test-method> <!-- orderValidationAfterSubmit -->
      </class> <!-- SeleniumAutomation.StandAloneTest_POM_Implementation -->
    </test> <!-- Tests -->
  </suite> <!-- Suite -->
</testng-results>
