<?xml version="1.0" encoding="UTF-8"?>
<testng-results ignored="0" total="2" passed="2" failed="0" skipped="0">
  <reporter-output>
  </reporter-output>
  <suite started-at="2026-02-22T17:47:14 IST" name="Suite" finished-at="2026-02-22T17:47:48 IST" duration-ms="33979">
    <groups>
      <group name="cucumber">
        <method signature="AbstractTestNGCucumberTests.runScenario(io.cucumber.testng.PickleWrapper,io.cucumber.testng.FeatureWrapper)[pri:0, instance:CucumberImplementation.TestNGTest_runner@2e32ccc5]" name="runScenario" class="io.cucumber.testng.AbstractTestNGCucumberTests"/>
      </group> <!-- cucumber -->
    </groups>
    <test started-at="2026-02-22T17:47:14 IST" name="LoginEcommerseSiteTest" finished-at="2026-02-22T17:47:35 IST" duration-ms="20970">
      <class name="CucumberBDD.tests.LoginEcommerseSiteTest">
        <test-method is-config="true" signature="openWindow()[pri:0, instance:CucumberBDD.tests.LoginEcommerseSiteTest@9cb8225]" started-at="2026-02-22T17:47:14 IST" name="openWindow" finished-at="2026-02-22T17:47:18 IST" duration-ms="4538" status="PASS">
          <reporter-output>
          </reporter-output>
        </test-method> <!-- openWindow -->
        <test-method signature="LoginEcommerseSite()[pri:0, instance:CucumberBDD.tests.LoginEcommerseSiteTest@9cb8225]" started-at="2026-02-22T17:47:18 IST" name="LoginEcommerseSite" finished-at="2026-02-22T17:47:34 IST" duration-ms="15959" status="PASS">
          <reporter-output>
          </reporter-output>
        </test-method> <!-- LoginEcommerseSite -->
        <test-method is-config="true" signature="atLast()[pri:0, instance:CucumberBDD.tests.LoginEcommerseSiteTest@9cb8225]" started-at="2026-02-22T17:47:34 IST" name="atLast" finished-at="2026-02-22T17:47:35 IST" duration-ms="259" status="PASS">
          <reporter-output>
          </reporter-output>
        </test-method> <!-- atLast -->
      </class> <!-- CucumberBDD.tests.LoginEcommerseSiteTest -->
    </test> <!-- LoginEcommerseSiteTest -->
    <test started-at="2026-02-22T17:47:35 IST" name="TestNGTest_runner" finished-at="2026-02-22T17:47:48 IST" duration-ms="12554">
      <class name="CucumberImplementation.TestNGTest_runner">
        <test-method is-config="true" signature="setUpClass(org.testng.ITestContext)[pri:0, instance:CucumberImplementation.TestNGTest_runner@2e32ccc5]" started-at="2026-02-22T17:47:35 IST" name="setUpClass" finished-at="2026-02-22T17:47:36 IST" duration-ms="724" status="PASS">
          <params>
            <param index="0">
              <value>
                <![CDATA[org.testng.TestRunner@345cf395]]>
              </value>
            </param>
          </params>
          <reporter-output>
          </reporter-output>
        </test-method> <!-- setUpClass -->
        <test-method signature="runScenario(io.cucumber.testng.PickleWrapper,io.cucumber.testng.FeatureWrapper)[pri:0, instance:CucumberImplementation.TestNGTest_runner@2e32ccc5]" started-at="2026-02-22T17:47:36 IST" name="runScenario" description="Runs Cucumber Scenarios" data-provider="scenarios" finished-at="2026-02-22T17:47:48 IST" duration-ms="11658" status="PASS">
          <params>
            <param index="0">
              <value>
                <![CDATA["Add the <products> in cart"]]>
              </value>
            </param>
            <param index="1">
              <value>
                <![CDATA["Add the products in cart"]]>
              </value>
            </param>
          </params>
          <reporter-output>
          </reporter-output>
        </test-method> <!-- runScenario -->
        <test-method is-config="true" signature="tearDownClass()[pri:0, instance:CucumberImplementation.TestNGTest_runner@2e32ccc5]" started-at="2026-02-22T17:47:48 IST" name="tearDownClass" finished-at="2026-02-22T17:47:48 IST" duration-ms="29" status="PASS">
          <reporter-output>
          </reporter-output>
        </test-method> <!-- tearDownClass -->
      </class> <!-- CucumberImplementation.TestNGTest_runner -->
    </test> <!-- TestNGTest_runner -->
  </suite> <!-- Suite -->
</testng-results>
