<?xml version="1.0" encoding="UTF-8"?>
<testng-results ignored="0" total="2" passed="2" failed="0" skipped="0">
  <reporter-output>
  </reporter-output>
  <suite started-at="2026-01-25T18:06:44 IST" name="Suite" finished-at="2026-01-25T18:07:38 IST" duration-ms="54185">
    <groups>
      <group name="cucumber">
        <method signature="AbstractTestNGCucumberTests.runScenario(io.cucumber.testng.PickleWrapper,io.cucumber.testng.FeatureWrapper)[pri:0, instance:CucumberImplementation.TestNGTest_runner@f627d13]" name="runScenario" class="io.cucumber.testng.AbstractTestNGCucumberTests"/>
      </group> <!-- cucumber -->
    </groups>
    <test started-at="2026-01-25T18:06:44 IST" name="LoginEcommerseSiteTest" finished-at="2026-01-25T18:07:11 IST" duration-ms="27272">
      <class name="CucumberBDD.tests.LoginEcommerseSiteTest">
        <test-method is-config="true" signature="openWindow()[pri:0, instance:CucumberBDD.tests.LoginEcommerseSiteTest@238d68ff]" started-at="2026-01-25T18:06:44 IST" name="openWindow" finished-at="2026-01-25T18:06:51 IST" duration-ms="6996" status="PASS">
          <reporter-output>
          </reporter-output>
        </test-method> <!-- openWindow -->
        <test-method signature="LoginEcommerseSite()[pri:0, instance:CucumberBDD.tests.LoginEcommerseSiteTest@238d68ff]" started-at="2026-01-25T18:06:51 IST" name="LoginEcommerseSite" finished-at="2026-01-25T18:07:11 IST" duration-ms="19506" status="PASS">
          <reporter-output>
          </reporter-output>
        </test-method> <!-- LoginEcommerseSite -->
        <test-method is-config="true" signature="atLast()[pri:0, instance:CucumberBDD.tests.LoginEcommerseSiteTest@238d68ff]" started-at="2026-01-25T18:07:11 IST" name="atLast" finished-at="2026-01-25T18:07:11 IST" duration-ms="469" status="PASS">
          <reporter-output>
          </reporter-output>
        </test-method> <!-- atLast -->
      </class> <!-- CucumberBDD.tests.LoginEcommerseSiteTest -->
    </test> <!-- LoginEcommerseSiteTest -->
    <test started-at="2026-01-25T18:07:12 IST" name="TestNGTest_runner" finished-at="2026-01-25T18:07:38 IST" duration-ms="26052">
      <class name="CucumberImplementation.TestNGTest_runner">
        <test-method is-config="true" signature="setUpClass(org.testng.ITestContext)[pri:0, instance:CucumberImplementation.TestNGTest_runner@f627d13]" started-at="2026-01-25T18:07:12 IST" name="setUpClass" finished-at="2026-01-25T18:07:13 IST" duration-ms="1393" status="PASS">
          <params>
            <param index="0">
              <value>
                <![CDATA[org.testng.TestRunner@610df783]]>
              </value>
            </param>
          </params>
          <reporter-output>
          </reporter-output>
        </test-method> <!-- setUpClass -->
        <test-method signature="runScenario(io.cucumber.testng.PickleWrapper,io.cucumber.testng.FeatureWrapper)[pri:0, instance:CucumberImplementation.TestNGTest_runner@f627d13]" started-at="2026-01-25T18:07:13 IST" name="runScenario" description="Runs Cucumber Scenarios" data-provider="scenarios" finished-at="2026-01-25T18:07:38 IST" duration-ms="24345" status="PASS">
          <params>
            <param index="0">
              <value>
                <![CDATA["Add the <products> in cart"]]>
              </value>
            </param>
            <param index="1">
              <value>
                <![CDATA["Add the products in cart"]]>
              </value>
            </param>
          </params>
          <reporter-output>
          </reporter-output>
        </test-method> <!-- runScenario -->
        <test-method is-config="true" signature="tearDownClass()[pri:0, instance:CucumberImplementation.TestNGTest_runner@f627d13]" started-at="2026-01-25T18:07:38 IST" name="tearDownClass" finished-at="2026-01-25T18:07:38 IST" duration-ms="68" status="PASS">
          <reporter-output>
          </reporter-output>
        </test-method> <!-- tearDownClass -->
      </class> <!-- CucumberImplementation.TestNGTest_runner -->
    </test> <!-- TestNGTest_runner -->
  </suite> <!-- Suite -->
</testng-results>
