<?xml version="1.0" encoding="UTF-8"?>
<!-- Generated by org.testng.reporters.JUnitXMLReporter -->
<testsuite ignored="5" hostname="DESKTOP-Q2UDTTR" failures="0" tests="5" name="Testing" time="0.176" errors="0" timestamp="2026-02-22T18:01:37 IST">
  <testcase classname="TestNGTutorialPractice.A_2_PracticeTestNG" name="a1demo" time="0.013"/>
  <testcase classname="TestNGTutorialPractice.A_2_PracticeTestNG" name="a2Personalloan" time="0.008"/>
  <testcase classname="TestNGTutorialPractice.A_2_PracticeTestNG" name="a2Personalloan" time="0.009"/>
  <testcase classname="TestNGTutorialPractice.A_2_PracticeTestNG" name="a2Personalloan" time="0.006"/>
  <testcase classname="TestNGTutorialPractice.A_2_PracticeTestNG" name="a3CarLoan" time="0.009"/>
  <testcase classname="TestNGTutorialPractice.A_1_RunWithOutJava" name="a4HomeLoan" time="0.0">
    <ignored/>
  </testcase> <!-- a4HomeLoan -->
  <testcase classname="TestNGTutorialPractice.A_1_RunWithOutJava" name="a1demo" time="0.0">
    <ignored/>
  </testcase> <!-- a1demo -->
  <testcase classname="TestNGTutorialPractice.A_1_RunWithOutJava" name="a3CarLoan" time="0.0">
    <ignored/>
  </testcase> <!-- a3CarLoan -->
  <testcase classname="TestNGTutorialPractice.A_1_RunWithOutJava" name="a2Personalloan" time="0.0">
    <ignored/>
  </testcase> <!-- a2Personalloan -->
  <testcase classname="TestNGTutorialPractice.A_1_RunWithOutJava" name="a5Goldloan" time="0.0">
    <ignored/>
  </testcase> <!-- a5Goldloan -->
</testsuite> <!-- Testing -->
